<?xml version="1.0" encoding="UTF-8"?>
<!-- Generated by org.testng.reporters.JUnitXMLReporter -->
<testsuite ignored="2" hostname="DESKTOP-34UUCH5" failures="0" tests="1" name="Default test" time="16.073" errors="0" timestamp="2024-06-06T11:14:12 PDT">
  <testcase classname="variousConcepts.CrmTest" name="testAddCustomer" time="13.13"/>
  <testcase classname="variousConcepts.CrmTest" name="testLoginPageAlertMsg" time="0.0">
    <ignored/>
  </testcase> <!-- testLoginPageAlertMsg -->
  <testcase classname="variousConcepts.CrmTest" name="testLogin" time="0.0">
    <ignored/>
  </testcase> <!-- testLogin -->
</testsuite> <!-- Default test -->
