<?xml version="1.0" encoding="UTF-8"?>
<testng-results ignored="2" total="3" passed="1" failed="0" skipped="0">
  <reporter-output>
  </reporter-output>
  <suite started-at="2024-06-06T11:13:56 PDT" name="Default suite" finished-at="2024-06-06T11:14:12 PDT" duration-ms="16073">
    <groups>
    </groups>
    <test started-at="2024-06-06T11:13:56 PDT" name="Default test" finished-at="2024-06-06T11:14:12 PDT" duration-ms="16073">
      <class name="variousConcepts.CrmTest">
        <test-method is-config="true" signature="readConfig()[pri:0, instance:variousConcepts.CrmTest@1ed6388a]" started-at="2024-06-06T11:13:56 PDT" name="readConfig" finished-at="2024-06-06T11:13:56 PDT" duration-ms="11" status="PASS">
          <reporter-output>
          </reporter-output>
        </test-method> <!-- readConfig -->
        <test-method is-config="true" signature="setup()[pri:0, instance:variousConcepts.CrmTest@1ed6388a]" started-at="2024-06-06T11:13:56 PDT" name="setup" finished-at="2024-06-06T11:13:59 PDT" duration-ms="2755" status="PASS">
          <reporter-output>
          </reporter-output>
        </test-method> <!-- setup -->
        <test-method signature="testAddCustomer()[pri:0, instance:variousConcepts.CrmTest@1ed6388a]" started-at="2024-06-06T11:13:59 PDT" name="testAddCustomer" finished-at="2024-06-06T11:14:12 PDT" duration-ms="13130" status="PASS">
          <reporter-output>
          </reporter-output>
        </test-method> <!-- testAddCustomer -->
        <test-method is-config="true" signature="tearDown()[pri:0, instance:variousConcepts.CrmTest@1ed6388a]" started-at="2024-06-06T11:14:12 PDT" name="tearDown" finished-at="2024-06-06T11:14:12 PDT" duration-ms="138" status="PASS">
          <reporter-output>
          </reporter-output>
        </test-method> <!-- tearDown -->
      </class> <!-- variousConcepts.CrmTest -->
    </test> <!-- Default test -->
  </suite> <!-- Default suite -->
</testng-results>
